<?xml version="1.0" encoding="UTF-8"?>
<!-- Generated by org.testng.reporters.JUnitReportReporter -->
<testsuite hostname="DESKTOP-0E0NMC8" failures="0" tests="2" name="runners.TestRunner" time="36.371" errors="0" timestamp="2024-03-15T01:21:23 BDT" skipped="0">
  <testcase classname="runners.TestRunner" name="runScenario" time="18.346"/>
  <testcase classname="runners.TestRunner" name="runScenario" time="18.025"/>
</testsuite> <!-- runners.TestRunner -->
